<?xml version="1.0" encoding="UTF-8"?>
<testsuite name="BankAccountTest" tests="5" skipped="0" failures="0" errors="0" timestamp="2023-03-08T10:30:49" hostname="MacBook-Air-di-Giuseppe.local" time="35.346">
  <properties/>
  <testcase name="zeroBalanceWhenOpened" classname="BankAccountTest" time="0.012"/>
  <testcase name="closedAccountCannotBeAdjusted" classname="BankAccountTest" time="0.012"/>
  <testcase name="closedAccountHasNoBalance" classname="BankAccountTest" time="0.0"/>
  <testcase name="concurrentBalanceAdjustments" classname="BankAccountTest" time="35.319"/>
  <testcase name="sequentialBalanceAdjustments" classname="BankAccountTest" time="0.001"/>
  <system-out><![CDATA[]]></system-out>
  <system-err><![CDATA[]]></system-err>
</testsuite>
